<?xml version="1.0" encoding="UTF-8"?>
<!-- Generated by org.testng.reporters.JUnitReportReporter -->
<testsuite skipped="0" hostname="DESKTOP-AAJ02US" name="tests.lesson1.calculator.CalculatorTest" tests="4" failures="0" timestamp="26 Feb 2021 08:42:54 GMT" time="0.059" errors="0">
  <testcase name="calculatorTest4" time="0.005" classname="tests.lesson1.calculator.CalculatorTest"/>
  <testcase name="calculatorTest3" time="0.006" classname="tests.lesson1.calculator.CalculatorTest"/>
  <testcase name="calculatorTest1" time="0.043" classname="tests.lesson1.calculator.CalculatorTest"/>
  <testcase name="calculatorTest2" time="0.005" classname="tests.lesson1.calculator.CalculatorTest"/>
</testsuite> <!-- tests.lesson1.calculator.CalculatorTest -->
