<?xml version="1.0" encoding="UTF-8"?>
<!-- Generated by org.testng.reporters.JUnitReportReporter -->
<testsuite skipped="0" hostname="DESKTOP-AAJ02US" name="tests.lesson1.beforeAfterSuiteTestClassMethod.BeforeAfterSuiteTestClassMethod" tests="2" failures="0" timestamp="21 Feb 2021 11:33:30 GMT" time="0.012" errors="0">
  <testcase name="testMethod3" time="0.004" classname="tests.lesson1.beforeAfterSuiteTestClassMethod.BeforeAfterSuiteTestClassMethod"/>
  <testcase name="testMethod1" time="0.008" classname="tests.lesson1.beforeAfterSuiteTestClassMethod.BeforeAfterSuiteTestClassMethod"/>
</testsuite> <!-- tests.lesson1.beforeAfterSuiteTestClassMethod.BeforeAfterSuiteTestClassMethod -->
