<?xml version="1.0" encoding="UTF-8"?>
<!-- Generated by org.testng.reporters.JUnitReportReporter -->
<testsuite skipped="0" hostname="DESKTOP-AAJ02US" name="tests.lesson1.pageObject.SendEmailTest" tests="4" failures="0" timestamp="21 Feb 2021 11:33:30 GMT" time="103.320" errors="0">
  <testcase name="checkDownloading" time="62.773" classname="tests.lesson1.pageObject.SendEmailTest"/>
  <testcase name="checkingLoginToTheEmailAndSendingTheMail" time="6.004" classname="tests.lesson1.pageObject.SendEmailTest"/>
  <testcase name="checkDownloading" time="30.521" classname="tests.lesson1.pageObject.SendEmailTest"/>
  <testcase name="checkingLoginToTheEmailAndSendingTheMail" time="4.022" classname="tests.lesson1.pageObject.SendEmailTest"/>
</testsuite> <!-- tests.lesson1.pageObject.SendEmailTest -->
