<?xml version="1.0" encoding="UTF-8"?>
<!-- Generated by org.testng.reporters.JUnitReportReporter -->
<testsuite skipped="0" hostname="DESKTOP-AAJ02US" name="tests.lesson3.CalculatorTest" tests="1" failures="0" timestamp="26 Feb 2021 08:42:54 GMT" time="0.003" errors="0">
  <testcase name="parametersFromTestNG" time="0.003" classname="tests.lesson3.CalculatorTest"/>
</testsuite> <!-- tests.lesson3.CalculatorTest -->
