<?xml version="1.0" encoding="UTF-8"?>
<!-- Generated by org.testng.reporters.JUnitReportReporter -->
<testsuite skipped="0" hostname="DESKTOP-AAJ02US" name="tests.lesson1.beforeAfterSuiteTestClassMethod.BeforeAfterSuiteTestClassMethod" tests="2" failures="0" timestamp="26 Feb 2021 08:42:54 GMT" time="0.009" errors="0">
  <testcase name="testMethod1" time="0.005" classname="tests.lesson1.beforeAfterSuiteTestClassMethod.BeforeAfterSuiteTestClassMethod"/>
  <testcase name="testMethod3" time="0.004" classname="tests.lesson1.beforeAfterSuiteTestClassMethod.BeforeAfterSuiteTestClassMethod"/>
</testsuite> <!-- tests.lesson1.beforeAfterSuiteTestClassMethod.BeforeAfterSuiteTestClassMethod -->
